 0000           ;;*****************************************************************************
 0000           ;;*****************************************************************************
 0000           ;;  FILENAME: USBINT.asm
 0000           ;;   Version: 1.90, Updated on 2015/3/4 at 22:20:18
 0000           ;;  Generated by PSoC Designer 5.4.3191
 0000           ;;
 0000           ;;  DESCRIPTION: USB Device User Module software implementation file
 0000           ;;
 0000           ;;  NOTE: User Module APIs conform to the fastcall convention for marshalling
 0000           ;;        arguments and observe the associated "Registers are volatile" policy.
 0000           ;;        This means it is the caller's responsibility to preserve any values
 0000           ;;        in the X and A registers that are still needed after the API
 0000           ;;        function returns. Even though these registers may be preserved now,
 0000           ;;        there is no guarantee they will be preserved in future releases.
 0000           ;;-----------------------------------------------------------------------------
 0000           ;;  Copyright (c) Cypress Semiconductor 2015. All Rights Reserved.
 0000           ;;*****************************************************************************
 0000           ;;*****************************************************************************
 0000           
 0010           FLAG_XIO_MASK:  equ 10h
 0008           FLAG_SUPER:     equ 08h
 0004           FLAG_CARRY:     equ 04h
 0002           FLAG_ZERO:      equ 02h
 0001           FLAG_GLOBAL_IE: equ 01h
 0000           
 0000           ;;=============================================================================
 0000           ;;      Register Space, Bank 0
 0000           ;;=============================================================================
 0000           
 0000           ;------------------------------------------------
 0000           ;  Port Registers
 0000           ;------------------------------------------------
 0000           ; Port Data Registers
 0000           P0DATA:       equ 00h          ; Port 0 Data Register                     (RW)
 0001           P1DATA:       equ 01h          ; Port 1 Data Register                     (RW)
 0002           P2DATA:       equ 02h          ; Port 2 Data Register                     (RW)
 0003           P3DATA:       equ 03h          ; Port 3 Data Register                     (RW)
 0004           P4DATA:       equ 04h          ; Port 4 Data Register                     (RW)
 0000           ; PSoC Compatability
 0000           PRT0DR:       equ 00h          ; Port 0 Data Register                     (RW)(PSoC)
 0001           PRT1DR:       equ 01h          ; Port 1 Data Register                     (RW)(PSoC)
 0002           PRT2DR:       equ 02h          ; Port 2 Data Register                     (RW)(PSoC)
 0003           PRT3DR:       equ 03h          ; Port 3 Data Register                     (RW)(PSoC)
 0004           PRT4DR:       equ 04h          ; Port 4 Data Register                     (RW)(PSoC)
 0000           
 0000           ; Port/Pin Configuration Registers
 0005           P00CR:        equ 05h          ; P0.0 Configuration Register              (RW)
 0006           P01CR:        equ 06h          ; P0.1 Configuration Register              (RW)
 0007           P02CR:        equ 07h          ; P0.2 Configuration Register              (RW)
 0008           P03CR:        equ 08h          ; P0.3 Configuration Register              (RW)
 0009           P04CR:        equ 09h          ; P0.4 Configuration Register              (RW)
 000A           P05CR:        equ 0Ah          ; P0.5 Configuration Register              (RW)
 000B           P06CR:        equ 0Bh          ; P0.6 Configuration Register              (RW)
 000C           P07CR:        equ 0Ch          ; P0.7 Configuration Register              (RW)
 000D           P10CR:        equ 0Dh          ; P1.0 Configuration Register              (RW)
 000E           P11CR:        equ 0Eh          ; P1.1 Configuration Register              (RW)
 000F           P12CR:        equ 0Fh          ; P1.2 Configuration Register              (RW)
 0010           P13CR:        equ 10h          ; P1.3 Configuration Register              (RW)
 0011           P14CR:        equ 11h          ; P1.4 Configuration Register              (RW)
 0012           P15CR:        equ 12h          ; P1.5 Configuration Register              (RW)
 0013           P16CR:        equ 13h          ; P1.6 Configuration Register              (RW)
 0014           P17CR:        equ 14h          ; P1.7 Configuration Register              (RW)
 0015           P2CR:         equ 15h          ; P2.0-P2.7 Configuration Register         (RW)
 0016           P3CR:         equ 16h          ; P3.0-P3.7 Configuration Register         (RW)
 0017           P4CR:         equ 17h          ; P4.0-P4.7 Configuration Register         (RW)
 0000           
 0000           ; Timer Registers
 0020           FRTMRL:       equ 20h          ; Free Running Timer Low                   (RW)
 0021           FRTMRH:       equ 21h          ; Free Running Timer High                  (RW)
 0022           TCAP0R:       equ 22h          ; Capture 0 Rising                         (R)             
 0023           TCAP1R:       equ 23h          ; Capture 1 Rising                         (R)             
 0024           TCAP0F:       equ 24h          ; Capture 0 Falling                        (R)             
 0025           TCAP1F:       equ 25h          ; Capture 1 Falling                        (R)             
 0026           PITMRL:       equ 26h          ; Programmable Interval Timer Low          (RW)
 0027           PITMRH:       equ 27h          ; Programmable Interval Timer High         (RW)
 0028           PIRL:         equ 28h          ; Programmable Interval Timer Reload Low   (RW)
 0029           PIRH:         equ 29h          ; Programmable Interval Timer Reload High  (RW)
 002A           TMRCR:        equ 2Ah          ; Timer Configuration Register             (RW)
 002B           TCAPINTE:     equ 2Bh          ; Capture Timer Interrupt Enable           (RW)
 002C           TCAPINTS:     equ 2Ch          ; Capture Timer Interrupt Status           (RW)
 0000           
 0000           ; Clock Configuration Registers
 0030           CPUCLKCR:     equ 30h          ; CPU Clock Configuration Register         (RW)
 0000           CPUCLK_SEL_INT:         equ 00h ; CPU Clock Select Internal Oscillator
 0001           CPUCLK_SEL_EXT:         equ 01h ; CPU Clock Select External Clock
 0000           CPUCLK_USBCLK_SEL_INT:  equ 00h ; USB Clock Select Internal Clock
 0040           CPUCLK_USBCLK_SEL_EXT:  equ 40h ; USB Clock Select External Clock
 0000           CPUCLK_USBCLK_DIV2_DIS: equ 00h ; USB Clock Divide by 2 disable
 0080           CPUCLK_USBCLK_DIV2_ENA: equ 80h ; USB Clock Divide by 2 enable
 0000           
 0031           TMRCLKCR:     equ 31h          ; Timer Clock Configuration Register       (RW)
 0000           TMRCLKCR_ITMRCLK_IOSC:     equ 00h ; MASK: ITMRCLK Source--Internal Oscillator
 0001           TMRCLKCR_ITMRCLK_XOSC:     equ 01h ; MASK: ITMRCLK Source--External Oscillator or CLKIN
 0002           TMRCLKCR_ITMRCLK_LPO:      equ 02h ; MASK: ITMRCLK Source--Low Power Oscillator (32 Khz)
 0003           TMRCLKCR_ITMRCLK_TCAPCLK:  equ 03h ; MASK: ITMRCLK Source--TCAPCLK
 0000           TMRCLKCR_ITMRCLK_DIV_1:    equ 00h ; MASK: ITMRCLK Divider Value 1
 0004           TMRCLKCR_ITMRCLK_DIV_2:    equ 04h ; MASK: ITMRCLK Divider Value 2
 0008           TMRCLKCR_ITMRCLK_DIV_3:    equ 08h ; MASK: ITMRCLK Divider Value 3
 000C           TMRCLKCR_ITMRCLK_DIV_4:    equ 0Ch ; MASK: ITMRCLK Divider Value 4
 0002           TMRCLKCR_ITMRCLK_LPO:      equ 02h ; MASK: ITMRCLK Source--Low Power Oscillator (32 Khz)
 0000           TMRCLKCR_TCAPCLK_IOSC:     equ 00h ; MASK: TCAPCLK Source--Internal Oscillator
 0010           TMRCLKCR_TCAPCLK_XOSC:     equ 10h ; MASK: TCAPCLK Source--External Oscillator or CLKIN
 0020           TMRCLKCR_TCAPCLK_LPO:      equ 20h ; MASK: TCAPCLK Source--Low Power Oscillator (32 Khz)
 0030           TMRCLKCR_TCAPCLK_DISABLED: equ 30h ; MASK: TCAPCLK Source--DISABLED
 0000           TMRCLKCR_TCAPCLK_DIV_2:    equ 00h ; MASK: TCAPCLK Divider Value 2
 0040           TMRCLKCR_TCAPCLK_DIV_4:    equ 40h ; MASK: TCAPCLK Divider Value 4
 0080           TMRCLKCR_TCAPCLK_DIV_6:    equ 80h ; MASK: TCAPCLK Divider Value 6
 00C0           TMRCLKCR_TCAPCLK_DIV_8:    equ 0C0h ; MASK: TCAPCLK Divider Value 8
 0000           
 0032           CLKIOCR:      equ 32h          ; Clock I/O Configuration Register         (RW)
 0000           CLKIOCR_CLKOUT_IOSC:       equ 00h ; MASK: Clock Source--Internal Oscillator
 0001           CLKIOCR_CLKOUT_XOSC:       equ 01h ; MASK: Clock Source--External Oscillator or CLKIN
 0002           CLKIOCR_CLKOUT_LPO:        equ 02h ; MASK: Clock Source--Low Power Oscillator (32 Khz)
 0003           CLKIOCR_CLKOUT_CPUCLK:     equ 03h ; MASK: Clock Source--CPUCLK
 0000           
 0000           ; Oscillator Configuration Registers
 0034           IOSCTR:       equ 34h          ; Internal Oscillator Trim Register        (R)
 0035           XOSCTR:       equ 35h          ; Crystal Oscillator Trim Register         (R)
 0036           LPOSCTR:      equ 36h          ; Low Power Oscillator Trim Register       (RW)
 0000           
 0000           ; SPI Configuration/Data Registers
 003C           SPIDATA:      equ 3Ch          ; SPI Data Register                        (RW)
 003D           SPICR:        equ 3Dh          ; SPI Configuration Register               (RW)
 0000           
 0000           ; USB SIE Configuration/Data Registers
 0040           USBCR:        equ 40h          ; USB Configuration Register               (RW)
 0041           EP0CNT:       equ 41h          ; Endpoint 0 Count Register                (RW)
 0042           EP1CNT:       equ 42h          ; Endpoint 1 Count Register                (RW)
 0043           EP2CNT:       equ 43h          ; Endpoint 2 Count Register                (RW)
 0044           EP0MODE:      equ 44h          ; Endpoint 0 Mode  Register                (RW)
 0045           EP1MODE:      equ 45h          ; Endpoint 1 Mode  Register                (RW)
 0046           EP2MODE:      equ 46h          ; Endpoint 2 Mode  Register                (RW)
 0050           EP0DATA:      equ 50h          ; Endpoint 0 Data  Register (50h-57h)      (RW)
 0058           EP1DATA:      equ 58h          ; Endpoint 1 Data  Register (58h-5Fh)      (RW)
 0060           EP2DATA:      equ 60h          ; Endpoint 2 Data  Register (60h-67h)      (RW)
 0000           
 0000           ; Band-gap/TRIMBUF Configuration Registers
 0070           BGAPTR:       equ 70h          ; Band-gap Trim Register                   (R)
 0071           TRIM0:        equ 71h          ; TRIMBUF Trim Register 0                  (R)
 0072           TRIM1:        equ 72h          ; TRIMBUF Trim Register 1                  (R)
 0000           
 0000           ; VREG Configuration Register
 0073           VREGCR:       equ 73h          ; VREG Configuration Register              (RW)
 0000           
 0000           ; USB Transceiver Configuration Registers
 0074           USBXCR:       equ 74h          ; USB Transceiver Configuration Register   (RW)
 0080           USBXCR_ENABLE:    equ 80h      ; USB Transceiver Enable
 0001           USBXCR_FORCE:     equ 01h      ; USB Transceiver Force
 0000           
 0000           ; Data Pointer Registers--Listed for compatability with other M8C based parts.
 00D0           CPPDR:        equ 0D0h          ; Current Page Pointer Data Register       (RW)
 00D4           DPRDR:        equ 0D4h          ; Data Page Read Register                  (RW)
 00D5           DPWDR:        equ 0D5h          ; Data Page Write Register                 (RW)
 0000           
 0000           ; Watchdog Timer Reset
 00E3           RESWDT:       equ 0E3h          ; Watchdog Timer Reset                     (W)
 00E3           RES_WDT:      equ 0E3h          ; WatchDog Timer Register                  (W) (PSoC)
 0000           
 0000           ;------------------------------------------------
 0000           ;  System and Global Resource Registers
 0000           ;------------------------------------------------
 00DA           INT_CLR0:     equ 0DAh          ; Interrupt Clear Register 0               (RW)
 0000                                          ; Use INT_MSK0 bit field masks
 00DB           INT_CLR1:     equ 0DBh          ; Interrupt Clear Register 1               (RW)
 0000                                          ; Use INT_MSK1 bit field masks
 00DC           INT_CLR2:     equ 0DCh          ; Interrupt Clear Register 2               (RW)
 0000                                          ; Use INT_MSK2 bit field masks
 0000           
 00DE           INT_MSK3:     equ 0DEh          ; Interrupt Mask Register                  (RW)
 0080           INT_MSK3_ENSWINT:          equ 80h ; MASK: enable/disable SW interrupt
 0000           
 00DF           INT_MSK2:     equ 0DFh          ; Interrupt Mask Register                  (RW)
 0040           INT_MSK2_GPIO_PORT4:       equ 40h ; MASK: enable/disable GPIO Port 4 interrupt
 0020           INT_MSK2_GPIO_PORT3:       equ 20h ; MASK: enable/disable GPIO Port 3 interrupt
 0010           INT_MSK2_GPIO_PORT2:       equ 10h ; MASK: enable/disable GPIO Port 2 interrupt
 0008           INT_MSK2_PS2_DATA_LOW:     equ 08h ; MASK: enable/disable PS/2 Data Low
 0004           INT_MSK2_GPIO_INT2:        equ 04h ; MASK: enable/disable GPIO INT2 interrupt
 0002           INT_MSK2_CTR_16_WRAP:      equ 02h ; MASK: enable/disable 16 bit counter wrap
 0001           INT_MSK2_TCAP1:            equ 01h ; MASK: enable/disable Timer/Capture 0 interrupt
 0000           
 00E0           INT_MSK0:     equ 0E0h          ; Interrupt Mask Register                 (RW)
 0080           INT_MSK0_GPIO_PORT1:       equ 80h ; MASK: enable/disable GPIO Port 1 interrupt
 0040           INT_MSK0_SLEEP:            equ 40h ; MASK: enable/disable sleep interrupt
 0020           INT_MSK0_GPIO_INT1:        equ 20h ; MASK: enable/disable GPIO INT1 interrupt
 0010           INT_MSK0_GPIO_PORT0:       equ 10h ; MASK: enable/disable GPIO Port 0 interrupt
 0008           INT_MSK0_SPI_RX:           equ 08h ; MASK: enable/disable SPI Receive interrupt
 0004           INT_MSK0_SPI_TX:           equ 04h ; MASK: enable/disable SPI Transmit interrupt
 0002           INT_MSK0_GPIO_INT0:        equ 02h ; MASK: enable/disable GPIO INT0 interrupt
 0001           INT_MSK0_POR_LVD:          equ 01h ; MASK: enable/disable POR/LVD interrupt
 0000           
 00E1           INT_MSK1:     equ 0E1h          ; Interrupt Mask Register                 (RW)
 0080           INT_MSK1_TCAP0:            equ 80h ; MASK: enable/disable Timer/Capture 0 interrupt
 0040           INT_MSK1_PIT:              equ 40h ; MASK: enable/disable Progrmmable Interval Timer
 0020           INT_MSK1_MS_TIMER:         equ 20h ; MASK: enable/disable One Millisecond Timer interrupt
 0010           INT_MSK1_USB_ACTIVITY:     equ 10h ; MASK: enable/disable USB Bus Activity interrupt
 0008           INT_MSK1_USB_BUS_RESET:    equ 08h ; MASK: enable/disable USB Bus Reset interrupt
 0004           INT_MSK1_USB_EP2:          equ 04h ; MASK: enable/disable USB Endpoint 2 interrupt
 0002           INT_MSK1_USB_EP1:          equ 02h ; MASK: enable/disable USB Endpoint 1 interrupt
 0001           INT_MSK1_USB_EP0:          equ 01h ; MASK: enable/disable USB Endpoint 0 interrupt
 0000           
 00E2           INT_VC:       equ 0E2h          ; Interrupt vector register                (RC)
 0000           
 0000           ;------------------------------------------------------
 0000           ;        Register bank 1.
 0000           ;------------------------------------------------------
 00E0           OSC_CR0:                   equ 0E0h  ; System Oscillator Control Register 0     (RW)
 0020           OSC_CR0_NO_BUZZ:           equ 20h    ; MASK: Bandgap always powered/BUZZ bandgap
 0018           OSC_CR0_SLEEP:             equ 18h    ; MASK: Set Sleep timer freq/period
 0000           OSC_CR0_SLEEP_512Hz:       equ 00h    ;     Set sleep bits for 1.95ms period
 0008           OSC_CR0_SLEEP_64Hz:        equ 08h    ;     Set sleep bits for 15.6ms period
 0010           OSC_CR0_SLEEP_8Hz:         equ 10h    ;     Set sleep bits for 125ms period
 0018           OSC_CR0_SLEEP_1Hz:         equ 18h    ;     Set sleep bits for 1 sec period
 0000           
 0007           OSC_CR0_CPU:               equ 07h    ; MASK: Set CPU Frequency
 0000           OSC_CR0_CPU_3MHz:          equ 00h    ;     set CPU Freq bits for 3MHz Operation
 0001           OSC_CR0_CPU_6MHz:          equ 01h    ;     set CPU Freq bits for 6MHz Operation
 0002           OSC_CR0_CPU_12MHz:         equ 02h    ;     set CPU Freq bits for 12MHz Operation
 0003           OSC_CR0_CPU_24MHz:         equ 03h    ;     set CPU Freq bits for 24MHz Operation
 0004           OSC_CR0_CPU_1d5MHz:        equ 04h    ;     set CPU Freq bits for 1.5MHz Operation
 0005           OSC_CR0_CPU_750kHz:        equ 05h    ;     set CPU Freq bits for 750kHz Operation
 0006           OSC_CR0_CPU_187d5kHz:      equ 06h    ;     set CPU Freq bits for 187.5kHz Operation
 0000           
 0000           ;------------------------------------------------------
 0000           ;  Note: The following registers are mapped into both
 0000           ;        register bank 0 AND register bank 1.
 0000           ;------------------------------------------------------
 00F7           CPU_F:        equ 0F7h          ; CPU Flag Register Access                 (RO)
 0000                                              ; Use FLAG_ masks defined at top of file
 00FF           CPU_SCR:     equ 0FFh          ; CPU Status and Control Register          (#)
 0080           CPU_SCR_GIE_MASK:      equ 80h    ; MASK: Global Interrupt Enable shadow
 0020           CPU_SCR_WDRS_MASK:     equ 20h    ; MASK: Watch Dog Timer Reset
 0010           CPU_SCR_PORS_MASK:     equ 10h    ; MASK: power-on reset bit PORS
 0008           CPU_SCR_SLEEP_MASK:    equ 08h    ; MASK: Enable Sleep
 0001           CPU_SCR_STOP_MASK:     equ 01h    ; MASK: Halt CPU bit
 0000           
 0000           ;;=============================================================================
 0000           ;;      Register Space, Bank 1
 0000           ;;=============================================================================
 0000           
 0000           ;------------------------------------------------
 0000           ;  Clock and System Control Registers
 0000           ;------------------------------------------------
 0000           
 0000           ;;=============================================================================
 0000           ;;      M8C System Macros
 0000           ;;  These macros should be used when their functions are needed.
 0000           ;;=============================================================================
 0000           
 0000           ;----------------------------------------------------
 0000           ;  Swapping Register Banks
 0000           ;----------------------------------------------------
 0000               macro M8C_SetBank0
 0000               and   F, ~FLAG_XIO_MASK
 0000               macro M8C_SetBank1
 0000               or    F, FLAG_XIO_MASK
 0000               macro M8C_EnableGInt
 0000               or    F, FLAG_GLOBAL_IE
 0000               macro M8C_DisableGInt
 0000               and   F, ~FLAG_GLOBAL_IE
 0000               macro M8C_DisableIntMask
 0000               and   reg[@0], ~@1              ; disable specified interrupt enable bit
 0000               macro M8C_EnableIntMask
 0000               or    reg[@0], @1               ; enable specified interrupt enable bit
 0000               macro M8C_ClearIntFlag
 0000               mov   reg[@0], ~@1              ; clear specified interrupt enable bit
 0000               macro M8C_EnableWatchDog
 0000               and   reg[CPU_SCR], ~CPU_SCR_PORS_MASK
 0000               macro M8C_ClearWDT
 0000               mov   reg[RES_WDT], 00h
 0000               macro M8C_ClearWDTAndSleep
 0000               mov   reg[RES_WDT], 38h
 0000               macro M8C_Sleep
 0000               or    reg[CPU_SCR], CPU_SCR_SLEEP_MASK
 0000               ; The next instruction to be executed depends on the state of the
 0000               ; various interrupt enable bits. If some interrupts are enabled
 0000               ; and the global interrupts are disabled, the next instruction will
 0000               ; be the one that follows the invocation of this macro. If global
 0000               ; interrupts are also enabled then the next instruction will be
 0000               ; from the interrupt vector table. If no interrupts are enabled
 0000               ; then the CPU sleeps forever.
 0000               macro M8C_Stop
 0000               ; In general, you probably don't want to do this, but here's how:
 0000               or    reg[CPU_SCR], CPU_SCR_STOP_MASK
 0000               ; Next instruction to be executed is located in the interrupt
 0000               ; vector table entry for Power-On Reset.
 0000               macro M8C_Reset
 0000               ; Restore CPU to the power-on reset state.
 0000               mov A, 0
 0000               SSC
 0000               ; Next non-supervisor instruction will be at interrupt vector 0.
 0000               macro Suspend_CodeCompressor
 0000               or   F, 0
 0000               macro Resume_CodeCompressor
 0000               add  SP, 0
 0000           MACRO   GET_WORD
 0000               PUSH A                              ; Quickly get a RAM temp
 0000               PUSH A                              ; Save the source MSB
 0000               ROMX                                ; Get the first byte
 0000               PUSH X                              ; Save X
 0000               MOV  X,SP                           ; Get SP, to index to the temp 
 0000               MOV  [X - 3],A                      ; Save the first byte
 0000               POP  X                              ; Get back the source LSB
 0000               POP  A                              ; And the MSB
 0000               INC  X                              ; Point to the second byte
 0000               ADC  A, 0                           ; 
 0000               ROMX                                ; Get the second byte
 0000               MOV  X,A                            ; Save it in X
 0000               POP  A                              ; And the first byte in A
 0000           MACRO   NULL_PTR_CHECK
 0000               SWAP    A, X                        ; LSB non-zero?
 0000               JNZ     .ok                         ; Exit on non-zero
 0000               SWAP    A, X                        ; MSB zero
 0000               JZ      @0                          ; Jump to the null pointer handler
 0000               JMP     .exit
 0000           .ok:
 0000               SWAP    A, X                        ; Put them back
 0000           .exit:
 0000           NULL_PTR:   EQU 0                       ; Null pointer value
 0000           
 0000           ;--------------------------------------------------
 0000           ; TRANSFER DESCRIPTOR MACROS
 0000           ;--------------------------------------------------
 0000           
 0000           ;-----------------------------------------------
 0000           ; TD_START_TABLE MACRO
 0000           ;-----------------------------------------------
 0000           ; Parameters:
 0000           ;   @0 = Number of table entries
 0000           ; Register setup
 0000           ;   N/A (builds ROM data at assembly time)
 0000           ;-----------------------------------------------
 0000           MACRO   TD_START_TABLE
 0000               DB      ((@0) - 1)                 ; Number of table entries - 1
 0000           MACRO   TD_ENTRY
 0000               DB  @0                             ; Data source (USB_DS_*)
 0000               DW  @1                             ; Transfer size
 0000               DW  @2                             ; Data source address
 0000               DW  @3                             ; Transfer Completion Status Block Address
 0000               DB  0xde                           ; Reserved 
 0008           TD_ENTRY_SIZE:                         EQU 8
 0001           TD_START_SIZE:                         EQU 1
 0000           ;-----------------------------------------------
 0000           ; TD_INDEX_TO_OFFSET MACRO
 0000           ;-----------------------------------------------
 0000           ; Parameters:
 0000           ;   @0 = RAM address of Index
 0000           ; Register setup
 0000           ;   A = DC (restored)
 0000           ;   X = DC (not used)
 0000           ;--------------------------------------------------
 0000           MACRO   TD_INDEX_TO_OFFSET
 0000               PUSH    A                          ; Save a work register
 0000               ASL     [@0]                       ; Index * 2
 0000               ASL     [@0]                       ; Index * 4
 0000               ASL     [@0]                       ; Index * 4
 0000               POP     A                          ; Restore the work register
 0000           MACRO LT_START
 0000               DB      (@0)                       ; Table size
 0000           MACRO LT_ENTRY
 0000               DW      (@0)                       ; Table entry
 0000               DW      (@1)                       ; Table entry
 0002           LT_ENTRY_SIZE:                         EQU 2
 0001           LT_START_SIZE:                         EQU 1
 0000           
 0000           ;-----------------------------------------------
 0000           ; LT_INDEX_TO_OFFSET MACRO
 0000           ;-----------------------------------------------
 0000           ; Parameters:
 0000           ;   @0 = RAM address of Index
 0000           ; Register setup
 0000           ;   A = DC (not used)
 0000           ;   X = DC (not used)
 0000           ;--------------------------------------------------
 0000           MACRO   LT_INDEX_TO_OFFSET
 0000               ASL     [@0]                       ; Simply shift (mult by 2)
 0000               ASL     [@0]                       ;              (mult by 4)
 0000           MACRO DISPATCHER
 0000               CMP   A,@1
 0000               JNC   .dispatch_not_supported
 0000               ASL   A
 0000               JACC  @0
 0000           .dispatch_not_supported:
 0000               JMP  @2    
 0002           USB_bNumStringDescrs: EQU    2
 0000           
 0003           USB_NUM_ENDPOINTS:                          EQU 3 
 0002           USB_MAX_EP_NUMBER:                          EQU (USB_NUM_ENDPOINTS - 1) 
 0000           
 0000           ;--------------------------------------------------
 0000           ; Registers for USB API's.
 0000           ;--------------------------------------------------
 0074           USB_USBXCR:    EQU    USBXCR
 0040           USB_ADDR:      EQU    USBCR
 0041           USB_EP0CNT:    EQU    EP0CNT
 0042           USB_EP1CNT:    EQU    (EP0CNT + 1)
 0043           USB_EP2CNT:    EQU    (EP0CNT + 2)
 0044           USB_EP0MODE:   EQU    EP0MODE
 0045           USB_EP1MODE:   EQU    (EP0MODE + 1)
 0046           USB_EP2MODE:   EQU    (EP0MODE + 2)
 0050           USB_EP0DATA:   EQU    EP0DATA
 0058           USB_EP1DATA:   EQU    (EP0DATA + 8)
 0060           USB_EP2DATA:   EQU    (EP0DATA + 16)
 0000           
 0000           ;--------------------------------------------------
 0000           ; Endpoint 0 offsets (Table 9-2)
 0000           ;--------------------------------------------------
 0000           bmRequestType:                              EQU     0
 0001           bRequest:                                   EQU     1
 0002           wValue:                                     EQU     2
 0003           wValueHi:                                   EQU     3
 0002           wValueLo:                                   EQU     2
 0004           wIndex:                                     EQU     4
 0005           wIndexHi:                                   EQU     5
 0004           wIndexLo:                                   EQU     4
 0006           wLength:                                    EQU     6
 0007           wLengthHi:                                  EQU     7
 0006           wLengthLo:                                  EQU     6
 0000           
 0000           ;--------------------------------------------------
 0000           ; Request Types (Table 9-4)
 0000           ;--------------------------------------------------
 0000           USB_GET_STATUS:                             EQU    0x00
 0001           USB_CLEAR_FEATURE:                          EQU    0x01
 0003           USB_SET_FEATURE:                            EQU    0x03
 0005           USB_SET_ADDRESS:                            EQU    0x05
 0006           USB_GET_DESCRIPTOR:                         EQU    0x06
 0007           USB_SET_DESCRIPTOR:                         EQU    0x07
 0008           USB_GET_CONFIGURATION:                      EQU    0x08
 0009           USB_SET_CONFIGURATION:                      EQU    0x09
 000A           USB_GET_INTERFACE:                          EQU    0x0A
 000B           USB_SET_INTERFACE:                          EQU    0x0B
 000C           USB_SYNCH_FRAME:                            EQU    0x0C
 0000           
 0000           ;--------------------------------------------------
 0000           ; Descriptor Types (Table 9-5)
 0000           ;--------------------------------------------------
 0001           DESCR_TYPE_DEVICE:                          EQU     1
 0002           DESCR_TYPE_CONFIG:                          EQU     2
 0003           DESCR_TYPE_STRING:                          EQU     3
 0004           DESCR_TYPE_INTERFACE:                       EQU     4
 0005           DESCR_TYPE_ENDPOINT:                        EQU     5
 0006           DESCR_TYPE_DEVICE_QUALIFIER:                EQU     6
 0007           DESCR_TYPE_OTHER_SPEED:                     EQU     7
 0008           DESCR_TYPE_INTERFACE_POWER:                 EQU     8
 0000           
 0000           ;--------------------------------------------------
 0000           ; Feature Selectors (Table 9-6)
 0000           ;--------------------------------------------------
 0001           USB_DEVICE_REMOTE_WAKEUP:                   EQU    0x01
 0000           USB_ENDPOINT_HALT:                          EQU    0x00
 0002           USB_TEST_MODE:                              EQU    0x02
 0000           
 0000           ;--------------------------------------------------
 0000           ; USB Device Status (Figure 9-4)
 0000           ;--------------------------------------------------
 0000           USB_DEVICE_STATUS_BUS_POWERED:              EQU   0x00
 0001           USB_DEVICE_STATUS_SELF_POWERED:             EQU   0x01
 0002           USB_DEVICE_STATUS_REMOTE_WAKEUP:            EQU   0x02
 0000           
 0000           ;--------------------------------------------------
 0000           ; USB Endpoint Status (Figure 9-4)
 0000           ;--------------------------------------------------
 0001           USB_ENDPOINT_STATUS_HALT:                   EQU    0x01
 0000           
 0000           ;--------------------------------------------------
 0000           ; USB Endpoint Directions
 0000           ;--------------------------------------------------
 0080           USB_DIR_IN:                                 EQU    0x80
 0000           USB_DIR_OUT:                                EQU    0x00
 007F           USB_DIR_UNUSED:                             EQU    0x7F
 0000           
 0000           ;--------------------------------------------------
 0000           ; USB Endpoint Address Symbols 
 0000           ;--------------------------------------------------
 0000           EP0:                                        EQU    0x00
 0001           EP1:                                        EQU    0x01
 0002           EP2:                                        EQU    0x02
 0000           
 0000           ;--------------------------------------------------
 0000           ; Control Endpoint States--These act as JACC jump values
 0000           ;--------------------------------------------------
 0000           USB_TRANS_STATE_IDLE:                       EQU     0x00         ;
 0002           USB_TRANS_STATE_CONTROL_READ:               EQU     0x02         ;
 0004           USB_TRANS_STATE_CONTROL_WRITE:              EQU     0x04         ;
 0006           USB_TRANS_STATE_NO_DATA_CONTROL:            EQU     0x06         ;
 0000           
 0000           ;--------------------------------------------------
 0000           ; Control Write flag values to indicate pending data changes
 0000           ;--------------------------------------------------
 0001           USB_ADDRESS_CHANGE_PENDING:     EQU     0x01
 0000           
 0000           ;--------------------------------------------------
 0000           ; Register Constants for USB
 0000           ;--------------------------------------------------
 0080           USB_ADDR_ENABLE:                             EQU 0x80
 0040           USB_CNT_VALID:                               EQU 0x40
 0080           USB_CNT_TOGGLE:                              EQU 0x80
 0080           USB_PULLUP_ENABLE:                           EQU 0x80
 0000           
 0000           
 0000           USB_MODE_DISABLE:                            EQU 0x00
 0001           USB_MODE_NAK_IN_OUT:                         EQU 0x01
 0002           USB_MODE_STATUS_OUT_ONLY:                    EQU 0x02
 0003           USB_MODE_STALL_IN_OUT:                       EQU 0x03
 0004           USB_MODE_RESERVED_0100:                      EQU 0x04
 0005           USB_MODE_ISO_OUT:                            EQU 0x05
 0006           USB_MODE_STATUS_IN_ONLY:                     EQU 0x06
 0007           USB_MODE_ISO_IN:                             EQU 0x07
 0008           USB_MODE_NAK_OUT:                            EQU 0x08
 0009           USB_MODE_ACK_OUT:                            EQU 0x09
 000A           USB_MODE_RESERVED_1010:                      EQU 0x0A
 000B           USB_MODE_ACK_OUT_STATUS_IN:                  EQU 0x0B
 000C           USB_MODE_NAK_IN:                             EQU 0x0C
 000D           USB_MODE_ACK_IN:                             EQU 0x0D
 000E           USB_MODE_RESERVED_1110:                      EQU 0x0E
 000F           USB_MODE_ACK_IN_STATUS_OUT:                  EQU 0x0F
 0080           USB_MODE_STALL_DATA_EP:                      EQU 0x80
 0000           
 0000           ;--------------------------------------------------
 0000           ; FORCE J/K/SE0 (Argument values)
 0000           ;--------------------------------------------------
 0002           USB_FORCE_J:                                 EQU 0x02
 0001           USB_FORCE_K:                                 EQU 0x01
 0000           USB_FORCE_SE0:                               EQU 0x00
 00FF           USB_FORCE_NONE:                              EQU 0xFF
 0001           USB_FORCE_STATE:                             EQU 0x01
 0000           
 0000           ;-----------------------------------------------
 0000           ; Endpoint event flags
 0000           ;-----------------------------------------------
 0002           NO_EVENT_ALLOWED:	equ               2
 0001           EVENT_PENDING:      equ               1
 0000           NO_EVENT_PENDING:   equ               0
 0000           
 0000           IN_BUFFER_FULL:     equ               NO_EVENT_PENDING
 0001           IN_BUFFER_EMPTY:    equ               EVENT_PENDING
 0001           OUT_BUFFER_FULL:    equ               EVENT_PENDING
 0000           OUT_BUFFER_EMPTY:   equ               NO_EVENT_PENDING
 0000           
 0000           ;--------------------------------------------------
 0000           ; USB Request Dispatch Functions, including overrides
 0000           ;--------------------------------------------------
 0001           USB_NOT_SUPPORTED:  EQU 0x01
 0002           USB_UM_SUPPLIED:    EQU 0x02
 0004           USB_APP_SUPPLIED:   EQU 0x04
 0000           
 0000           ;--------------------------------------------------
 0000           ; Device to host (d2h) Standard (std) Device (dev)
 0000           ;--------------------------------------------------
 0002           USB_CB_SRC_d2h_std_dev_00: equ USB_UM_SUPPLIED
 0001           USB_CB_SRC_d2h_std_dev_01: equ USB_NOT_SUPPORTED
 0001           USB_CB_SRC_d2h_std_dev_02: equ USB_NOT_SUPPORTED
 0001           USB_CB_SRC_d2h_std_dev_03: equ USB_NOT_SUPPORTED
 0001           USB_CB_SRC_d2h_std_dev_04: equ USB_NOT_SUPPORTED
 0001           USB_CB_SRC_d2h_std_dev_05: equ USB_NOT_SUPPORTED
 0002           USB_CB_SRC_d2h_std_dev_06: equ USB_UM_SUPPLIED
 0001           USB_CB_SRC_d2h_std_dev_07: equ USB_NOT_SUPPORTED
 0002           USB_CB_SRC_d2h_std_dev_08: equ USB_UM_SUPPLIED
 0000           
 0000           ;--------------------------------------------------
 0000           ; Host to device (h2d) Standard (std) Device (dev)
 0000           ;--------------------------------------------------
 0001           USB_CB_SRC_h2d_std_dev_00: equ USB_NOT_SUPPORTED
 0002           USB_CB_SRC_h2d_std_dev_01: equ USB_UM_SUPPLIED
 0001           USB_CB_SRC_h2d_std_dev_02: equ USB_NOT_SUPPORTED
 0002           USB_CB_SRC_h2d_std_dev_03: equ USB_UM_SUPPLIED
 0001           USB_CB_SRC_h2d_std_dev_04: equ USB_NOT_SUPPORTED
 0002           USB_CB_SRC_h2d_std_dev_05: equ USB_UM_SUPPLIED
 0001           USB_CB_SRC_h2d_std_dev_06: equ USB_NOT_SUPPORTED
 0001           USB_CB_SRC_h2d_std_dev_07: equ USB_NOT_SUPPORTED
 0001           USB_CB_SRC_h2d_std_dev_08: equ USB_NOT_SUPPORTED
 0002           USB_CB_SRC_h2d_std_dev_09: equ USB_UM_SUPPLIED
 0000           
 0000           ;--------------------------------------------------
 0000           ; Device to host (d2h) Standard (std) Interface (ifc)
 0000           ;--------------------------------------------------
 0002           USB_CB_SRC_d2h_std_ifc_00: equ USB_UM_SUPPLIED
 0001           USB_CB_SRC_d2h_std_ifc_01: equ USB_NOT_SUPPORTED
 0001           USB_CB_SRC_d2h_std_ifc_02: equ USB_NOT_SUPPORTED
 0001           USB_CB_SRC_d2h_std_ifc_03: equ USB_NOT_SUPPORTED
 0001           USB_CB_SRC_d2h_std_ifc_04: equ USB_NOT_SUPPORTED
 0001           USB_CB_SRC_d2h_std_ifc_05: equ USB_NOT_SUPPORTED
 0001           USB_CB_SRC_d2h_std_ifc_06: equ USB_NOT_SUPPORTED
 0001           USB_CB_SRC_d2h_std_ifc_07: equ USB_NOT_SUPPORTED
 0001           USB_CB_SRC_d2h_std_ifc_08: equ USB_NOT_SUPPORTED
 0001           USB_CB_SRC_d2h_std_ifc_09: equ USB_NOT_SUPPORTED
 0002           USB_CB_SRC_d2h_std_ifc_10: equ USB_UM_SUPPLIED
 0000           
 0000           ;--------------------------------------------------
 0000           ; Host to device (h2d) Standard (std) Interface (ifc)
 0000           ;--------------------------------------------------
 0001           USB_CB_SRC_h2d_std_ifc_00: equ USB_NOT_SUPPORTED
 0000           
 0000           ;--------------------------------------------------
 0000           ; Device to host (d2h) Standard (std) Endpoint (ep)
 0000           ;--------------------------------------------------
 0002           USB_CB_SRC_d2h_std_ep_00: equ USB_UM_SUPPLIED
 0000           
 0000           ;--------------------------------------------------
 0000           ; Host to device (h2d) Standard (std) Endpoint (ep)
 0000           ;--------------------------------------------------
 0001           USB_CB_SRC_h2d_std_ep_00: equ USB_NOT_SUPPORTED
 0002           USB_CB_SRC_h2d_std_ep_01: equ USB_UM_SUPPLIED
 0001           USB_CB_SRC_h2d_std_ep_02: equ USB_NOT_SUPPORTED
 0002           USB_CB_SRC_h2d_std_ep_03: equ USB_UM_SUPPLIED
 0000           
 0000           ;-----------------------------------------------
 0000           ; 1st Tier Dispatch--Standard Requests
 0000           ;-----------------------------------------------
 0001           USB_CB_h2d_std_dev: equ 1
 0001           USB_CB_h2d_std_ifc: equ 1
 0001           USB_CB_h2d_std_ep:  equ 1
 0000           USB_CB_h2d_std_oth: equ 0
 0001           USB_CB_d2h_std_dev: equ 1
 0001           USB_CB_d2h_std_ifc: equ 1
 0001           USB_CB_d2h_std_ep:  equ 1
 0000           USB_CB_d2h_std_oth: equ 0
 0000           
 0000           ;-----------------------------------------------
 0000           ; 1st Tier Dispatch--Class Requests
 0000           ;-----------------------------------------------
 0000           USB_CB_h2d_cls_dev: equ 0
 0000           USB_CB_h2d_cls_ifc: equ 0
 0000           USB_CB_h2d_cls_ep:  equ 0
 0000           USB_CB_h2d_cls_oth: equ 0
 0000           USB_CB_d2h_cls_dev: equ 0
 0000           USB_CB_d2h_cls_ifc: equ 0
 0000           USB_CB_d2h_cls_ep:  equ 0
 0000           USB_CB_d2h_cls_oth: equ 0
 0000           
 0000           ;-----------------------------------------------
 0000           ; 1st Tier Dispatch--Vendor Specific Requests
 0000           ;-----------------------------------------------
 0000           USB_CB_h2d_vnd_dev: equ 0
 0000           USB_CB_h2d_vnd_ifc: equ 0
 0000           USB_CB_h2d_vnd_ep:  equ 0
 0000           USB_CB_h2d_vnd_oth: equ 0
 0000           USB_CB_d2h_vnd_dev: equ 0
 0000           USB_CB_d2h_vnd_ifc: equ 0
 0000           USB_CB_d2h_vnd_ep:  equ 0
 0000           USB_CB_d2h_vnd_oth: equ 0
 0000           
 0000           ;-----------------------------------------------
 0000           ; 1st Tier Dispatch--Reserved Requests
 0000           ;-----------------------------------------------
 0000           USB_CB_h2d_rsv_dev: equ 0
 0000           USB_CB_h2d_rsv_ifc: equ 0
 0000           USB_CB_h2d_rsv_ep:  equ 0
 0000           USB_CB_h2d_rsv_oth: equ 0
 0000           USB_CB_d2h_rsv_dev: equ 0
 0000           USB_CB_d2h_rsv_ifc: equ 0
 0000           USB_CB_d2h_rsv_ep:  equ 0
 0000           USB_CB_d2h_rsv_oth: equ 0
 0000           
 0000           ;--------------------------------------------------
 0000           ; Transfer Descriptor--Data Source
 0000           ;--------------------------------------------------
 0000           USB_DS_ROM:                                      EQU 0x00
 0001           USB_DS_RAM:                                      EQU 0x01
 0002           USB_DS_RAM_CB:                                   EQU 0x02
 0003           USB_DS_RAM_MASK:                                 EQU 0x03
 0000           
 0000           ;-----------------------------------------------
 0000           ; Transfer Completion Notification
 0000           ;-----------------------------------------------
 0000           USB_XFER_IDLE:         equ      0x00
 0001           USB_XFER_STATUS_ACK:   equ      0x01
 0002           USB_XFER_PREMATURE:    equ      0x02
 0003           USB_XFER_ERROR:        equ      0x03
 0000           
 0000           ; This macro is used to allocate a completion status block
 0000           ; for all Requests.  The macro parameter is used
 0000           ; to prefix the two data elements.
 0000           USB_XFER_STATUS:       equ      0
 0001           USB_XFER_LENGTH:       equ      1
 0000           MACRO    USB_XFER_STATUS_BLOCK
 0000               BLK    1    ; Completion Status
 0000               BLK    2    ; Transfer Length
 0000           USB_CLASS_NONE:                        EQU    0x00
 0001           USB_CLASS_HID:                         EQU    0x01
 0000           USB_CLASS:                             EQU    USB_CLASS_NONE
 0000           
 0000           ;-----------------------------------------------
 0000           ; Modify the supported requests by redefining
 0000           ; them within the custom code area below
 0000           ;-----------------------------------------------
 0000           
 0000              ;@PSoC_UserCode_BODY_1@ (Do not change this line.)
 0000              ;---------------------------------------------------
 0000              ; Insert your custom assembly code below this banner
 0000              ;---------------------------------------------------
 0000              ;   NOTE: interrupt service routines must preserve
 0000              ;   the values of the A and X CPU registers.
 0000              
 0000              ;---------------------------------------------------
 0000              ; Insert your custom assembly code above this banner
 0000              ;---------------------------------------------------
 0000              
 0000              ;---------------------------------------------------
 0000              ; Insert a lcall to a C function below this banner
 0000              ; and un-comment the lines between these banners
 0000              ;---------------------------------------------------
 0000              
 0000              ;PRESERVE_CPU_CONTEXT
 0000              ;lcall _My_C_Function
 0000              ;RESTORE_CPU_CONTEXT
 0000              
 0000              ;---------------------------------------------------
 0000              ; Insert a lcall to a C function above this banner
 0000              ; and un-comment the lines between these banners
 0000              ;---------------------------------------------------
 0000              ;@PSoC_UserCode_END@ (Do not change this line.)
 0000           ;-----------------------------------------------
 0000           ; Has the user enabled any of the Vendor Specific Requests
 0000           ;-----------------------------------------------
 0000           USB_VSR_SUPPORT: EQU 0
                IF USB_CB_h2d_vnd_dev
                USB_VSR_SUPPORT: EQU 1
                ENDIF
                IF USB_CB_h2d_vnd_ifc
                USB_VSR_SUPPORT: EQU 1
                ENDIF
                IF USB_CB_h2d_vnd_ep
                USB_VSR_SUPPORT: EQU 1
                ENDIF
                IF USB_CB_h2d_vnd_oth
                USB_VSR_SUPPORT: EQU 1
                ENDIF
                IF USB_CB_d2h_vnd_dev
                USB_VSR_SUPPORT: EQU 1
                ENDIF
                IF USB_CB_d2h_vnd_ifc
                USB_VSR_SUPPORT: EQU 1
                ENDIF
                IF USB_CB_d2h_vnd_ep
                USB_VSR_SUPPORT: EQU 1
                ENDIF
                IF USB_CB_d2h_vnd_oth
                USB_VSR_SUPPORT: EQU 1
                ENDIF
                
                ; end of file USB.inc
                
                ;-----------------------------------------------
                ;  Global Symbols
                ;-----------------------------------------------
                
                AREA bss (RAM,REL)
                
                ;-----------------------------------------------
                ;  Constant Definitions
                ;-----------------------------------------------
                ;-----------------------------------------------
                ; Variable Allocation
                ;-----------------------------------------------
                
                AREA text (ROM, REL)
                ;-----------------------------------------------------------------------------
                ;  FUNCTION NAME: USB_EP1_ISR
                ;
                ;  DESCRIPTION:    Handle the Endpoint 1 event by updating the data toggle
                ;                  and setting the endpoint state to EVENT_PENDING.  The SIE
                ;                  automatically set the mode to NAK both IN and out transfers
                ;-----------------------------------------------------------------------------
                export  USB_EP1_ISR
                export _USB_EP1_ISR
 0000            USB_EP1_ISR:
 0000           _USB_EP1_ISR:
 0000              ;@PSoC_UserCode_BODY_EP1@ (Do not change this line.)
 0000              ;---------------------------------------------------
 0000              ; Insert your custom code below this banner
 0000              ;---------------------------------------------------
 0000              ;   NOTE: interrupt service routines must preserve
 0000              ;   the values of the A and X CPU registers.
 0001           STD_EP1:    EQU     1   ; Set this equate to 0 to remove the standard
 0000                                   ; endpoint handling code
 0000              ;---------------------------------------------------
 0000              ; Insert your custom code above this banner
 0000              ;---------------------------------------------------
 0000              ;@PSoC_UserCode_END@ (Do not change this line.)
 0000           
                IF  STD_EP1
 0000 08            PUSH A
 0001 360002        XOR     [USB_EPDataToggle], 2 ; Update EP1 data toggle
 0004 5D45          MOV     A, REG[EP1MODE]            ; Get the mode
 0006 550101        MOV     [USB_EndpointAPIStatus+1], EVENT_PENDING ; For the API
 0009 18            POP A
 000A 7E            RETI
                ENDIF
                ;-----------------------------------------------------------------------------
                ;  FUNCTION NAME: USB_EP2_ISR
                ;
                ;  DESCRIPTION:    Handle the Endpoint 2 event by updating the data toggle
                ;                  and setting the endpoint state to EVENT_PENDING.  The SIE
                ;                  automatically set the mode to NAK both IN and out transfers
                ;-----------------------------------------------------------------------------
                export  USB_EP2_ISR
                export _USB_EP2_ISR
 000B            USB_EP2_ISR:
 000B           _USB_EP2_ISR:
 000B              ;@PSoC_UserCode_BODY_EP2@ (Do not change this line.)
 000B              ;---------------------------------------------------
 000B              ; Insert your custom code below this banner
 000B              ;---------------------------------------------------
 000B              ;   NOTE: interrupt service routines must preserve
 000B              ;   the values of the A and X CPU registers.
 0001           STD_EP2:    EQU     1   ; Set this equate to 0 to remove the standard
 000B                                   ; endpoint handling code
 000B              ;---------------------------------------------------
 000B              ; Insert your custom code above this banner
 000B              ;---------------------------------------------------
 000B              ;@PSoC_UserCode_END@ (Do not change this line.)
 000B           
                IF  STD_EP2
 000B 08            PUSH A
 000C 360004        XOR     [USB_EPDataToggle], 4 ; Update EP2 data toggle
 000F 5D46          MOV     A, REG[EP2MODE]            ; Get the mode
 0011 550201        MOV     [USB_EndpointAPIStatus + 2], EVENT_PENDING ; For the API
 0014 18            POP A
 0015 7E            RETI
                ENDIF
                ;-----------------------------------------------------------------------------
                ;  FUNCTION NAME: USB_RESET_ISR
                ;
                ;  DESCRIPTION:    Handle the USB Bus Reset Interrupt
                ;-----------------------------------------------------------------------------
                export  USB_RESET_ISR
                export _USB_RESET_ISR
 0016            USB_RESET_ISR:
 0016           _USB_RESET_ISR:
 0016           
 0016              ;@PSoC_UserCode_BODY_USB_RESET@ (Do not change this line.)
 0016              ;---------------------------------------------------
 0016              ; Insert your custom code below this banner
 0016              ;---------------------------------------------------
 0016              ;   NOTE: interrupt service routines must preserve
 0016              ;   the values of the A and X CPU registers.
 0016           
 0001           STD_USB_RESET:    EQU     1 ; Set this equate to 0 to remove the standard
 0016                                       ; USB reset handling code below
 0016           
 0016              ;---------------------------------------------------
 0016              ; Insert your custom code above this banner
 0016              ;---------------------------------------------------
 0016              ;@PSoC_UserCode_END@ (Do not change this line.)
 0016           
                IF  STD_USB_RESET
 0016 08            PUSH A
 0017 10            PUSH X
 0018 5100          MOV     A, [USB_bCurrentDevice]     ; Select the current device
 001A 7C0000        LCALL   _USB_Start     ; Restart USB
 001D 20            POP X
 001E 18            POP A
                ENDIF
                
 001F 7E            RETI
 0020           ;-----------------------------------------------------------------------------
 0020           ;  FUNCTION NAME: USB_ACT_ISR
 0020           ;
 0020           ;  DESCRIPTION:    Handle the activity ISR
 0020           ;
 0020           ;  THEORY of OPERATION or PROCEDURE:
 0020           ;
 0020           ;   The activity interrupt sets a RAM flag indicating activity and disables the
 0020           ;   interrupt.  Disabling the interrupt keeps the bus activity from creating too
 0020           ;   many interrupts.  bCheckActivity checks and clears the flag, the enables
 0020           ;   interrupts for the next interval.
 0020           ;
 0020           ;-----------------------------------------------------------------------------
                export  USB_ACT_ISR
                export _USB_ACT_ISR
 0020            USB_ACT_ISR:
 0020           _USB_ACT_ISR:
 0020 550001        MOV    [USB_bActivity], 1          ; Set the activity flag
 0023 41E1EF        and   reg[INT_MSK1], ~INT_MSK1_USB_ACTIVITY              ; disable specified interrupt enable bit
 0026 7E            RETI
 0027           ; End of File USB_std.asm
